Using pre-set license
Built from '2020.3/china_unity/release' branch; Version is '2020.3.3f1c1 (a34b99c2c582) revision 10701721'; Using compiler version '192528614'; Build Type 'Release'
OS: 'Windows 10 Pro; OS build 18362.175; Version 1903; 64bit' Language: 'zh' Physical Memory: 8157 MB
BatchMode: 1, IsHumanControllingUs: 0, StartBugReporterOnCrash: 0, Is64bit: 1, IsPro: 0

 COMMAND LINE ARGUMENTS:
D:\unity\unityEditor\2020.3.3f1c1\Editor\Unity.exe
-adb2
-batchMode
-noUpm
-name
AssetImportWorker0
-projectPath
E:/project/unityProject/Tank
-logFile
Logs/AssetImportWorker0.log
-srvPort
49296
Successfully changed project path to: E:/project/unityProject/Tank
E:/project/unityProject/Tank
Using Asset Import Pipeline V2.
Refreshing native plugins compatible for Editor in 24.49 ms, found 0 plugins.
Preloading 0 native plugins for Editor in 0.00 ms.
Initialize engine version: 2020.3.3f1c1 (a34b99c2c582)
[Subsystems] Discovering subsystems at path D:/unity/unityEditor/2020.3.3f1c1/Editor/Data/Resources/UnitySubsystems
[Subsystems] Discovering subsystems at path E:/project/unityProject/Tank/Assets
GfxDevice: creating device client; threaded=0
Direct3D:
    Version:  Direct3D 11.0 [level 11.1]
    Renderer: NVIDIA GeForce GTX 1050 Ti (ID=0x1c82)
    Vendor:   
    VRAM:     4018 MB
    Driver:   27.21.14.5671
Initialize mono
Mono path[0] = 'D:/unity/unityEditor/2020.3.3f1c1/Editor/Data/Managed'
Mono path[1] = 'D:/unity/unityEditor/2020.3.3f1c1/Editor/Data/MonoBleedingEdge/lib/mono/unityjit'
Mono config path = 'D:/unity/unityEditor/2020.3.3f1c1/Editor/Data/MonoBleedingEdge/etc'
Using monoOptions --debugger-agent=transport=dt_socket,embedding=1,server=y,suspend=n,address=127.0.0.1:56816
Begin MonoManager ReloadAssembly
Registering precompiled unity dll's ...
Register platform support module: D:/unity/unityEditor/2020.3.3f1c1/Editor/Data/PlaybackEngines/WindowsStandaloneSupport/UnityEditor.WindowsStandalone.Extensions.dll
Registered in 0.001387 seconds.
Native extension for WindowsStandalone target not found
Refreshing native plugins compatible for Editor in 27.19 ms, found 0 plugins.
Preloading 0 native plugins for Editor in 0.00 ms.
Invoked RoslynAnalysisRunner static constructor.
RoslynAnalysisRunner will not be running.
RoslynAnalysisRunner has terminated.
Mono: successfully reloaded assembly
- Completed reload, in  2.914 seconds
Platform modules already initialized, skipping
Registering precompiled user dll's ...
Registered in 0.000690 seconds.
Begin MonoManager ReloadAssembly
Native extension for WindowsStandalone target not found
Refreshing native plugins compatible for Editor in 0.26 ms, found 0 plugins.
Preloading 0 native plugins for Editor in 0.00 ms.
Invoked RoslynAnalysisRunner static constructor.
RoslynAnalysisRunner will not be running.
RoslynAnalysisRunner has terminated.
Mono: successfully reloaded assembly
- Completed reload, in  1.063 seconds
Platform modules already initialized, skipping
========================================================================
Worker process is ready to serve import requests
Launched and connected shader compiler UnityShaderCompiler.exe after 0.11 seconds
Refreshing native plugins compatible for Editor in 0.22 ms, found 0 plugins.
Preloading 0 native plugins for Editor in 0.00 ms.
Unloading 1156 Unused Serialized files (Serialized files now loaded: 0)
System memory in use before: 58.4 MB.
System memory in use after: 58.5 MB.

Unloading 9 unused Assets to reduce memory usage. Loaded Objects now: 1599.
Total: 1.837900 ms (FindLiveObjects: 0.179600 ms CreateObjectMapping: 0.067800 ms MarkObjects: 1.515100 ms  DeleteObjects: 0.074100 ms)

========================================================================
Received Import Request.
  path: Assets/Prefabs/Map/BornPlayer1.prefab
  artifactKey: Guid(829b6222b5538234ab55ae63911a3f01) Importer(815301076,1909f56bfc062723c751e8b465ee728b)
Start importing Assets/Prefabs/Map/BornPlayer1.prefab using Guid(829b6222b5538234ab55ae63911a3f01) Importer(815301076,1909f56bfc062723c751e8b465ee728b)  -> (artifact id: '38be3eefcf7cf472db44aaf230a8dca0') in 0.161155 seconds
  Import took 0.164478 seconds .

========================================================================
Received Import Request.
  Time since last request: 58.569281 seconds.
  path: Assets/Prefabs/Map/BornPlayer1.prefab
  artifactKey: Guid(829b6222b5538234ab55ae63911a3f01) Importer(815301076,1909f56bfc062723c751e8b465ee728b)
Start importing Assets/Prefabs/Map/BornPlayer1.prefab using Guid(829b6222b5538234ab55ae63911a3f01) Importer(815301076,1909f56bfc062723c751e8b465ee728b)  -> (artifact id: '1c6750894665fd8ab5db4d991c11ca74') in 0.040471 seconds
  Import took 0.051420 seconds .

========================================================================
Received Prepare
Registering precompiled user dll's ...
Registered in 0.000825 seconds.
Begin MonoManager ReloadAssembly
Native extension for WindowsStandalone target not found
Refreshing native plugins compatible for Editor in 0.24 ms, found 0 plugins.
Preloading 0 native plugins for Editor in 0.00 ms.
Invoked RoslynAnalysisRunner static constructor.
RoslynAnalysisRunner will not be running.
RoslynAnalysisRunner has terminated.
Mono: successfully reloaded assembly
- Completed reload, in  1.041 seconds
Platform modules already initialized, skipping
Refreshing native plugins compatible for Editor in 0.44 ms, found 0 plugins.
Preloading 0 native plugins for Editor in 0.00 ms.
Unloading 1150 Unused Serialized files (Serialized files now loaded: 0)
System memory in use before: 61.4 MB.
System memory in use after: 61.5 MB.

Unloading 4 unused Assets to reduce memory usage. Loaded Objects now: 1609.
Total: 2.019800 ms (FindLiveObjects: 0.276300 ms CreateObjectMapping: 0.063600 ms MarkObjects: 1.658000 ms  DeleteObjects: 0.019600 ms)

========================================================================
Received Prepare
Registering precompiled user dll's ...
Registered in 0.000579 seconds.
Begin MonoManager ReloadAssembly
Native extension for WindowsStandalone target not found
Refreshing native plugins compatible for Editor in 0.23 ms, found 0 plugins.
Preloading 0 native plugins for Editor in 0.00 ms.
Invoked RoslynAnalysisRunner static constructor.
RoslynAnalysisRunner will not be running.
RoslynAnalysisRunner has terminated.
Mono: successfully reloaded assembly
- Completed reload, in  0.987 seconds
Platform modules already initialized, skipping
Refreshing native plugins compatible for Editor in 0.23 ms, found 0 plugins.
Preloading 0 native plugins for Editor in 0.00 ms.
Unloading 1150 Unused Serialized files (Serialized files now loaded: 0)
System memory in use before: 61.4 MB.
System memory in use after: 61.5 MB.

Unloading 4 unused Assets to reduce memory usage. Loaded Objects now: 1612.
Total: 1.757400 ms (FindLiveObjects: 0.176400 ms CreateObjectMapping: 0.046000 ms MarkObjects: 1.516000 ms  DeleteObjects: 0.017500 ms)

========================================================================
Received Import Request.
  Time since last request: 46.549399 seconds.
  path: Assets/Prefabs/Effects/BornEffect.prefab
  artifactKey: Guid(5dfd709b7e0bd314397e973b4ef2a771) Importer(815301076,1909f56bfc062723c751e8b465ee728b)
Start importing Assets/Prefabs/Effects/BornEffect.prefab using Guid(5dfd709b7e0bd314397e973b4ef2a771) Importer(815301076,1909f56bfc062723c751e8b465ee728b)  -> (artifact id: '296eb505284e36db44d21617bec625a3') in 0.106790 seconds
  Import took 0.109176 seconds .

========================================================================
Received Prepare
Registering precompiled user dll's ...
Registered in 0.001224 seconds.
Begin MonoManager ReloadAssembly
Native extension for WindowsStandalone target not found
Refreshing native plugins compatible for Editor in 0.22 ms, found 0 plugins.
Preloading 0 native plugins for Editor in 0.00 ms.
Invoked RoslynAnalysisRunner static constructor.
RoslynAnalysisRunner will not be running.
RoslynAnalysisRunner has terminated.
Mono: successfully reloaded assembly
- Completed reload, in  1.357 seconds
Platform modules already initialized, skipping
Refreshing native plugins compatible for Editor in 0.26 ms, found 0 plugins.
Preloading 0 native plugins for Editor in 0.00 ms.
Unloading 1150 Unused Serialized files (Serialized files now loaded: 0)
System memory in use before: 61.4 MB.
System memory in use after: 61.5 MB.

Unloading 4 unused Assets to reduce memory usage. Loaded Objects now: 1616.
Total: 6.184100 ms (FindLiveObjects: 2.423900 ms CreateObjectMapping: 0.797800 ms MarkObjects: 2.933800 ms  DeleteObjects: 0.025100 ms)

========================================================================
Received Import Request.
  Time since last request: 30.553234 seconds.
  path: Assets/Prefabs/Effects/ShieldEffect.prefab
  artifactKey: Guid(45941e231828bc34cb29608b11673a5d) Importer(815301076,1909f56bfc062723c751e8b465ee728b)
Start importing Assets/Prefabs/Effects/ShieldEffect.prefab using Guid(45941e231828bc34cb29608b11673a5d) Importer(815301076,1909f56bfc062723c751e8b465ee728b)  -> (artifact id: '95c79fe790bb82c4155491ba714ef2b5') in 0.076078 seconds
  Import took 0.088804 seconds .

========================================================================
Received Prepare
Registering precompiled user dll's ...
Registered in 0.001538 seconds.
Begin MonoManager ReloadAssembly
Native extension for WindowsStandalone target not found
Refreshing native plugins compatible for Editor in 0.26 ms, found 0 plugins.
Preloading 0 native plugins for Editor in 0.00 ms.
Invoked RoslynAnalysisRunner static constructor.
RoslynAnalysisRunner will not be running.
RoslynAnalysisRunner has terminated.
Mono: successfully reloaded assembly
- Completed reload, in  1.241 seconds
Platform modules already initialized, skipping
Refreshing native plugins compatible for Editor in 0.51 ms, found 0 plugins.
Preloading 0 native plugins for Editor in 0.00 ms.
Unloading 1150 Unused Serialized files (Serialized files now loaded: 0)
System memory in use before: 61.4 MB.
System memory in use after: 61.5 MB.

Unloading 4 unused Assets to reduce memory usage. Loaded Objects now: 1620.
Total: 39.318400 ms (FindLiveObjects: 0.560600 ms CreateObjectMapping: 17.406100 ms MarkObjects: 21.305700 ms  DeleteObjects: 0.043700 ms)

========================================================================
Received Prepare
Registering precompiled user dll's ...
Registered in 0.000697 seconds.
Begin MonoManager ReloadAssembly
Native extension for WindowsStandalone target not found
Refreshing native plugins compatible for Editor in 0.22 ms, found 0 plugins.
Preloading 0 native plugins for Editor in 0.00 ms.
Invoked RoslynAnalysisRunner static constructor.
RoslynAnalysisRunner will not be running.
RoslynAnalysisRunner has terminated.
Mono: successfully reloaded assembly
- Completed reload, in  0.899 seconds
Platform modules already initialized, skipping
Refreshing native plugins compatible for Editor in 0.22 ms, found 0 plugins.
Preloading 0 native plugins for Editor in 0.00 ms.
Unloading 1150 Unused Serialized files (Serialized files now loaded: 0)
System memory in use before: 61.4 MB.
System memory in use after: 61.5 MB.

Unloading 4 unused Assets to reduce memory usage. Loaded Objects now: 1623.
Total: 1.742200 ms (FindLiveObjects: 0.231400 ms CreateObjectMapping: 0.079400 ms MarkObjects: 1.412400 ms  DeleteObjects: 0.016800 ms)

========================================================================
Received Prepare
Registering precompiled user dll's ...
Registered in 0.000593 seconds.
Begin MonoManager ReloadAssembly
Native extension for WindowsStandalone target not found
Refreshing native plugins compatible for Editor in 0.23 ms, found 0 plugins.
Preloading 0 native plugins for Editor in 0.00 ms.
Invoked RoslynAnalysisRunner static constructor.
RoslynAnalysisRunner will not be running.
RoslynAnalysisRunner has terminated.
Mono: successfully reloaded assembly
- Completed reload, in  1.460 seconds
Platform modules already initialized, skipping
Refreshing native plugins compatible for Editor in 0.23 ms, found 0 plugins.
Preloading 0 native plugins for Editor in 0.00 ms.
Unloading 1150 Unused Serialized files (Serialized files now loaded: 0)
System memory in use before: 61.4 MB.
System memory in use after: 61.5 MB.

Unloading 4 unused Assets to reduce memory usage. Loaded Objects now: 1626.
Total: 1.919200 ms (FindLiveObjects: 0.206000 ms CreateObjectMapping: 0.050400 ms MarkObjects: 1.640600 ms  DeleteObjects: 0.020300 ms)

========================================================================
Received Prepare
Registering precompiled user dll's ...
Registered in 0.001003 seconds.
Begin MonoManager ReloadAssembly
Native extension for WindowsStandalone target not found
Refreshing native plugins compatible for Editor in 0.23 ms, found 0 plugins.
Preloading 0 native plugins for Editor in 0.00 ms.
Invoked RoslynAnalysisRunner static constructor.
RoslynAnalysisRunner will not be running.
RoslynAnalysisRunner has terminated.
Mono: successfully reloaded assembly
- Completed reload, in  1.388 seconds
Platform modules already initialized, skipping
Refreshing native plugins compatible for Editor in 0.38 ms, found 0 plugins.
Preloading 0 native plugins for Editor in 0.00 ms.
Unloading 1150 Unused Serialized files (Serialized files now loaded: 0)
System memory in use before: 61.4 MB.
System memory in use after: 61.5 MB.

Unloading 4 unused Assets to reduce memory usage. Loaded Objects now: 1629.
Total: 2.592500 ms (FindLiveObjects: 0.262600 ms CreateObjectMapping: 0.087200 ms MarkObjects: 2.220300 ms  DeleteObjects: 0.020700 ms)

========================================================================
Received Prepare
Registering precompiled user dll's ...
Registered in 0.000573 seconds.
Begin MonoManager ReloadAssembly
Native extension for WindowsStandalone target not found
Refreshing native plugins compatible for Editor in 0.36 ms, found 0 plugins.
Preloading 0 native plugins for Editor in 0.00 ms.
Invoked RoslynAnalysisRunner static constructor.
RoslynAnalysisRunner will not be running.
RoslynAnalysisRunner has terminated.
Mono: successfully reloaded assembly
- Completed reload, in  1.110 seconds
Platform modules already initialized, skipping
Refreshing native plugins compatible for Editor in 0.34 ms, found 0 plugins.
Preloading 0 native plugins for Editor in 0.00 ms.
Unloading 1150 Unused Serialized files (Serialized files now loaded: 0)
System memory in use before: 61.4 MB.
System memory in use after: 61.5 MB.

Unloading 4 unused Assets to reduce memory usage. Loaded Objects now: 1632.
Total: 19.512800 ms (FindLiveObjects: 0.336000 ms CreateObjectMapping: 0.104400 ms MarkObjects: 19.033800 ms  DeleteObjects: 0.035500 ms)

========================================================================
Received Prepare
Registering precompiled user dll's ...
Registered in 0.000603 seconds.
Begin MonoManager ReloadAssembly
Native extension for WindowsStandalone target not found
Refreshing native plugins compatible for Editor in 0.22 ms, found 0 plugins.
Preloading 0 native plugins for Editor in 0.00 ms.
Invoked RoslynAnalysisRunner static constructor.
RoslynAnalysisRunner will not be running.
RoslynAnalysisRunner has terminated.
Mono: successfully reloaded assembly
- Completed reload, in  0.931 seconds
Platform modules already initialized, skipping
Refreshing native plugins compatible for Editor in 0.27 ms, found 0 plugins.
Preloading 0 native plugins for Editor in 0.00 ms.
Unloading 1150 Unused Serialized files (Serialized files now loaded: 0)
System memory in use before: 61.4 MB.
System memory in use after: 61.5 MB.

Unloading 4 unused Assets to reduce memory usage. Loaded Objects now: 1635.
Total: 3.139000 ms (FindLiveObjects: 1.028300 ms CreateObjectMapping: 0.089400 ms MarkObjects: 2.000200 ms  DeleteObjects: 0.018200 ms)

========================================================================
Received Import Request.
  Time since last request: 1874.898743 seconds.
  path: Assets/Scripts/Player.cs
  artifactKey: Guid(1f5efac01694804488be9705538cffc6) Importer(815301076,1909f56bfc062723c751e8b465ee728b)
Start importing Assets/Scripts/Player.cs using Guid(1f5efac01694804488be9705538cffc6) Importer(815301076,1909f56bfc062723c751e8b465ee728b)  -> (artifact id: 'a9b0b0043479b7034a5ac9acf0bc70ed') in 0.012434 seconds
  Import took 0.030011 seconds .

========================================================================
Received Import Request.
  Time since last request: 0.335070 seconds.
  path: Assets/Scripts/Player.cs
  artifactKey: Guid(1f5efac01694804488be9705538cffc6) Importer(815301076,1909f56bfc062723c751e8b465ee728b)
Start importing Assets/Scripts/Player.cs using Guid(1f5efac01694804488be9705538cffc6) Importer(815301076,1909f56bfc062723c751e8b465ee728b)  -> (artifact id: 'a9b0b0043479b7034a5ac9acf0bc70ed') in 0.003509 seconds
  Import took 0.006551 seconds .

========================================================================
Received Import Request.
  Time since last request: 0.661872 seconds.
  path: Assets/Scripts/MapCreator.cs
  artifactKey: Guid(7d6540699bdad5e4691c40a68e0fe8fc) Importer(815301076,1909f56bfc062723c751e8b465ee728b)
Start importing Assets/Scripts/MapCreator.cs using Guid(7d6540699bdad5e4691c40a68e0fe8fc) Importer(815301076,1909f56bfc062723c751e8b465ee728b)  -> (artifact id: '99d8d27c1a202546728d7cf902dd8e91') in 0.003746 seconds
  Import took 0.006440 seconds .

========================================================================
Received Import Request.
  Time since last request: 0.004521 seconds.
  path: Assets/Scripts/MapCreator.cs
  artifactKey: Guid(7d6540699bdad5e4691c40a68e0fe8fc) Importer(815301076,1909f56bfc062723c751e8b465ee728b)
Start importing Assets/Scripts/MapCreator.cs using Guid(7d6540699bdad5e4691c40a68e0fe8fc) Importer(815301076,1909f56bfc062723c751e8b465ee728b)  -> (artifact id: '99d8d27c1a202546728d7cf902dd8e91') in 0.004943 seconds
  Import took 0.007690 seconds .

========================================================================
Received Import Request.
  Time since last request: 0.766587 seconds.
  path: Assets/Scripts/Heart.cs
  artifactKey: Guid(adf2293efa5a0364e8157900383e48e6) Importer(815301076,1909f56bfc062723c751e8b465ee728b)
Start importing Assets/Scripts/Heart.cs using Guid(adf2293efa5a0364e8157900383e48e6) Importer(815301076,1909f56bfc062723c751e8b465ee728b)  -> (artifact id: 'b1b20c11175c0fb6d0f44a0734bc1684') in 0.003930 seconds
  Import took 0.008585 seconds .

========================================================================
Received Import Request.
  Time since last request: 0.919496 seconds.
  path: Assets/Scripts/Enemy.cs
  artifactKey: Guid(9d02917cf72a4534a9e2d9440d7d5c27) Importer(815301076,1909f56bfc062723c751e8b465ee728b)
Start importing Assets/Scripts/Enemy.cs using Guid(9d02917cf72a4534a9e2d9440d7d5c27) Importer(815301076,1909f56bfc062723c751e8b465ee728b)  -> (artifact id: '0c2d822ad2b0f50a0d198be314b457d6') in 0.004194 seconds
  Import took 0.019131 seconds .

========================================================================
Received Import Request.
  Time since last request: 0.001895 seconds.
  path: Assets/Scripts/Enemy.cs
  artifactKey: Guid(9d02917cf72a4534a9e2d9440d7d5c27) Importer(815301076,1909f56bfc062723c751e8b465ee728b)
Start importing Assets/Scripts/Enemy.cs using Guid(9d02917cf72a4534a9e2d9440d7d5c27) Importer(815301076,1909f56bfc062723c751e8b465ee728b)  -> (artifact id: '0c2d822ad2b0f50a0d198be314b457d6') in 0.003549 seconds
  Import took 0.008944 seconds .

========================================================================
Received Import Request.
  Time since last request: 0.479894 seconds.
  path: Assets/Scripts/Bullet.cs
  artifactKey: Guid(7c42d63c460dd4545a61ec2736ae015b) Importer(815301076,1909f56bfc062723c751e8b465ee728b)
Start importing Assets/Scripts/Bullet.cs using Guid(7c42d63c460dd4545a61ec2736ae015b) Importer(815301076,1909f56bfc062723c751e8b465ee728b)  -> (artifact id: '2170c80d27031ad7df5fe2d067e4c6da') in 0.003123 seconds
  Import took 0.008829 seconds .

========================================================================
Received Import Request.
  Time since last request: 0.405532 seconds.
  path: Assets/Scripts/Born.cs
  artifactKey: Guid(7a54ee97026e545498f3ebb37dfb74f4) Importer(815301076,1909f56bfc062723c751e8b465ee728b)
Start importing Assets/Scripts/Born.cs using Guid(7a54ee97026e545498f3ebb37dfb74f4) Importer(815301076,1909f56bfc062723c751e8b465ee728b)  -> (artifact id: '3f80292323dadcee7a7687a5018b3bc0') in 0.002996 seconds
  Import took 0.005298 seconds .

========================================================================
Received Import Request.
  Time since last request: 8.197296 seconds.
  path: Assets/Prefabs/Map/Grass.prefab
  artifactKey: Guid(4934ae60dcaa63a4cb9173b13e80765f) Importer(815301076,1909f56bfc062723c751e8b465ee728b)
Start importing Assets/Prefabs/Map/Grass.prefab using Guid(4934ae60dcaa63a4cb9173b13e80765f) Importer(815301076,1909f56bfc062723c751e8b465ee728b)  -> (artifact id: '5e16db2428693ddc83243c100c50a3e2') in 0.071312 seconds
  Import took 0.084654 seconds .

========================================================================
Received Import Request.
  Time since last request: 0.829419 seconds.
  path: Assets/Prefabs/Map/AirBarrier.prefab
  artifactKey: Guid(84488b1e959c400479dee45fdb69f875) Importer(815301076,1909f56bfc062723c751e8b465ee728b)
Start importing Assets/Prefabs/Map/AirBarrier.prefab using Guid(84488b1e959c400479dee45fdb69f875) Importer(815301076,1909f56bfc062723c751e8b465ee728b)  -> (artifact id: 'f69c73c0d6f36ebabbb9cb14ab1c6e67') in 0.005579 seconds
  Import took 0.018052 seconds .

========================================================================
Received Import Request.
  Time since last request: 0.002504 seconds.
  path: Assets/Prefabs/Map/AirBarrier.prefab
  artifactKey: Guid(84488b1e959c400479dee45fdb69f875) Importer(815301076,1909f56bfc062723c751e8b465ee728b)
Start importing Assets/Prefabs/Map/AirBarrier.prefab using Guid(84488b1e959c400479dee45fdb69f875) Importer(815301076,1909f56bfc062723c751e8b465ee728b)  -> (artifact id: 'f69c73c0d6f36ebabbb9cb14ab1c6e67') in 0.004655 seconds
  Import took 0.007379 seconds .

========================================================================
Received Import Request.
  Time since last request: 0.682835 seconds.
  path: Assets/Prefabs/Map/Barrier.prefab
  artifactKey: Guid(ff6ad487a924c7741bd7a11cd06ad87a) Importer(815301076,1909f56bfc062723c751e8b465ee728b)
Start importing Assets/Prefabs/Map/Barrier.prefab using Guid(ff6ad487a924c7741bd7a11cd06ad87a) Importer(815301076,1909f56bfc062723c751e8b465ee728b)  -> (artifact id: 'dd0f72a4af1fe77db003eb0939603ff2') in 0.013261 seconds
  Import took 0.040835 seconds .

========================================================================
Received Import Request.
  Time since last request: 12.477308 seconds.
  path: ProjectSettings/TagManager.asset
  artifactKey: Guid(00000000000000003000000000000000) Importer(815301076,1909f56bfc062723c751e8b465ee728b)
Start importing ProjectSettings/TagManager.asset using Guid(00000000000000003000000000000000) Importer(815301076,1909f56bfc062723c751e8b465ee728b)  -> (artifact id: 'ab80e6cab5dca454ca8e8f5c557fc741') in 0.008538 seconds
  Import took 0.025629 seconds .

========================================================================
Received Import Request.
  Time since last request: 21.050592 seconds.
  path: Assets/Prefabs/Map/Grass.prefab
  artifactKey: Guid(4934ae60dcaa63a4cb9173b13e80765f) Importer(815301076,1909f56bfc062723c751e8b465ee728b)
Start importing Assets/Prefabs/Map/Grass.prefab using Guid(4934ae60dcaa63a4cb9173b13e80765f) Importer(815301076,1909f56bfc062723c751e8b465ee728b)  -> (artifact id: 'b836c93b72d41d5498f5926a06acc5d0') in 0.016154 seconds
  Import took 0.021947 seconds .

========================================================================
Received Import Request.
  Time since last request: 0.002359 seconds.
  path: Assets/Prefabs/Map/Grass.prefab
  artifactKey: Guid(4934ae60dcaa63a4cb9173b13e80765f) Importer(815301076,1909f56bfc062723c751e8b465ee728b)
Start importing Assets/Prefabs/Map/Grass.prefab using Guid(4934ae60dcaa63a4cb9173b13e80765f) Importer(815301076,1909f56bfc062723c751e8b465ee728b)  -> (artifact id: 'b836c93b72d41d5498f5926a06acc5d0') in 0.013002 seconds
  Import took 0.016032 seconds .

========================================================================
Received Import Request.
  Time since last request: 0.753240 seconds.
  path: Assets/Prefabs/Map/River.prefab
  artifactKey: Guid(1d3b71a3ebe18df449e28b3d6259519f) Importer(815301076,1909f56bfc062723c751e8b465ee728b)
Start importing Assets/Prefabs/Map/River.prefab using Guid(1d3b71a3ebe18df449e28b3d6259519f) Importer(815301076,1909f56bfc062723c751e8b465ee728b)  -> (artifact id: '8b62a557deb1abe678a1604d527084a5') in 0.017940 seconds
  Import took 0.032829 seconds .

========================================================================
Received Import Request.
  Time since last request: 0.002611 seconds.
  path: Assets/Prefabs/Map/River.prefab
  artifactKey: Guid(1d3b71a3ebe18df449e28b3d6259519f) Importer(815301076,1909f56bfc062723c751e8b465ee728b)
Start importing Assets/Prefabs/Map/River.prefab using Guid(1d3b71a3ebe18df449e28b3d6259519f) Importer(815301076,1909f56bfc062723c751e8b465ee728b)  -> (artifact id: '8b62a557deb1abe678a1604d527084a5') in 0.012372 seconds
  Import took 0.015519 seconds .

========================================================================
Received Import Request.
  Time since last request: 1.879868 seconds.
  path: Assets/Prefabs/Map/River.prefab
  artifactKey: Guid(1d3b71a3ebe18df449e28b3d6259519f) Importer(815301076,1909f56bfc062723c751e8b465ee728b)
Start importing Assets/Prefabs/Map/River.prefab using Guid(1d3b71a3ebe18df449e28b3d6259519f) Importer(815301076,1909f56bfc062723c751e8b465ee728b)  -> (artifact id: '3033edd04b48609244877627d2a24f86') in 0.012930 seconds
  Import took 0.021658 seconds .

========================================================================
Received Prepare
Registering precompiled user dll's ...
Registered in 0.002367 seconds.
Begin MonoManager ReloadAssembly
Native extension for WindowsStandalone target not found
Refreshing native plugins compatible for Editor in 0.25 ms, found 0 plugins.
Preloading 0 native plugins for Editor in 0.00 ms.
Invoked RoslynAnalysisRunner static constructor.
RoslynAnalysisRunner will not be running.
RoslynAnalysisRunner has terminated.
Mono: successfully reloaded assembly
- Completed reload, in  1.021 seconds
Platform modules already initialized, skipping
Refreshing native plugins compatible for Editor in 0.23 ms, found 0 plugins.
Preloading 0 native plugins for Editor in 0.00 ms.
Unloading 1150 Unused Serialized files (Serialized files now loaded: 0)
System memory in use before: 61.5 MB.
System memory in use after: 61.6 MB.

Unloading 5 unused Assets to reduce memory usage. Loaded Objects now: 1639.
Total: 2.103300 ms (FindLiveObjects: 0.158400 ms CreateObjectMapping: 0.047400 ms MarkObjects: 1.877700 ms  DeleteObjects: 0.018600 ms)

========================================================================
Received Prepare
Registering precompiled user dll's ...
Registered in 0.001303 seconds.
Begin MonoManager ReloadAssembly
Native extension for WindowsStandalone target not found
Refreshing native plugins compatible for Editor in 0.22 ms, found 0 plugins.
Preloading 0 native plugins for Editor in 0.00 ms.
Invoked RoslynAnalysisRunner static constructor.
RoslynAnalysisRunner will not be running.
RoslynAnalysisRunner has terminated.
Mono: successfully reloaded assembly
- Completed reload, in  1.178 seconds
Platform modules already initialized, skipping
Refreshing native plugins compatible for Editor in 0.37 ms, found 0 plugins.
Preloading 0 native plugins for Editor in 0.00 ms.
Unloading 1150 Unused Serialized files (Serialized files now loaded: 0)
System memory in use before: 61.5 MB.
System memory in use after: 61.6 MB.

Unloading 4 unused Assets to reduce memory usage. Loaded Objects now: 1642.
Total: 2.204000 ms (FindLiveObjects: 0.223100 ms CreateObjectMapping: 0.064000 ms MarkObjects: 1.895900 ms  DeleteObjects: 0.019400 ms)

========================================================================
Received Prepare
Registering precompiled user dll's ...
Registered in 0.000565 seconds.
Begin MonoManager ReloadAssembly
Native extension for WindowsStandalone target not found
Refreshing native plugins compatible for Editor in 0.23 ms, found 0 plugins.
Preloading 0 native plugins for Editor in 0.00 ms.
Invoked RoslynAnalysisRunner static constructor.
RoslynAnalysisRunner will not be running.
RoslynAnalysisRunner has terminated.
Mono: successfully reloaded assembly
- Completed reload, in  0.991 seconds
Platform modules already initialized, skipping
Refreshing native plugins compatible for Editor in 0.22 ms, found 0 plugins.
Preloading 0 native plugins for Editor in 0.00 ms.
Unloading 1150 Unused Serialized files (Serialized files now loaded: 0)
System memory in use before: 61.5 MB.
System memory in use after: 61.6 MB.

Unloading 4 unused Assets to reduce memory usage. Loaded Objects now: 1645.
Total: 1.895700 ms (FindLiveObjects: 0.265700 ms CreateObjectMapping: 0.077800 ms MarkObjects: 1.528900 ms  DeleteObjects: 0.021100 ms)

========================================================================
Received Prepare
Registering precompiled user dll's ...
Registered in 0.000606 seconds.
Begin MonoManager ReloadAssembly
Native extension for WindowsStandalone target not found
Refreshing native plugins compatible for Editor in 0.52 ms, found 0 plugins.
Preloading 0 native plugins for Editor in 0.00 ms.
Invoked RoslynAnalysisRunner static constructor.
RoslynAnalysisRunner will not be running.
RoslynAnalysisRunner has terminated.
Mono: successfully reloaded assembly
- Completed reload, in  1.484 seconds
Platform modules already initialized, skipping
Refreshing native plugins compatible for Editor in 0.32 ms, found 0 plugins.
Preloading 0 native plugins for Editor in 0.00 ms.
Unloading 1150 Unused Serialized files (Serialized files now loaded: 0)
System memory in use before: 61.5 MB.
System memory in use after: 61.6 MB.

Unloading 4 unused Assets to reduce memory usage. Loaded Objects now: 1648.
Total: 2.857800 ms (FindLiveObjects: 0.367100 ms CreateObjectMapping: 0.108900 ms MarkObjects: 2.357800 ms  DeleteObjects: 0.021800 ms)

========================================================================
Received Prepare
Registering precompiled user dll's ...
Registered in 0.000632 seconds.
Begin MonoManager ReloadAssembly
Native extension for WindowsStandalone target not found
Refreshing native plugins compatible for Editor in 0.23 ms, found 0 plugins.
Preloading 0 native plugins for Editor in 0.00 ms.
Invoked RoslynAnalysisRunner static constructor.
RoslynAnalysisRunner will not be running.
RoslynAnalysisRunner has terminated.
Mono: successfully reloaded assembly
- Completed reload, in  1.070 seconds
Platform modules already initialized, skipping
Refreshing native plugins compatible for Editor in 0.23 ms, found 0 plugins.
Preloading 0 native plugins for Editor in 0.00 ms.
Unloading 1150 Unused Serialized files (Serialized files now loaded: 0)
System memory in use before: 61.5 MB.
System memory in use after: 61.6 MB.

Unloading 4 unused Assets to reduce memory usage. Loaded Objects now: 1651.
Total: 3.571200 ms (FindLiveObjects: 0.306600 ms CreateObjectMapping: 0.100000 ms MarkObjects: 3.135800 ms  DeleteObjects: 0.027100 ms)

========================================================================
Received Prepare
Registering precompiled user dll's ...
Registered in 0.000591 seconds.
Begin MonoManager ReloadAssembly
Native extension for WindowsStandalone target not found
Refreshing native plugins compatible for Editor in 0.29 ms, found 0 plugins.
Preloading 0 native plugins for Editor in 0.00 ms.
Invoked RoslynAnalysisRunner static constructor.
RoslynAnalysisRunner will not be running.
RoslynAnalysisRunner has terminated.
Mono: successfully reloaded assembly
- Completed reload, in  1.002 seconds
Platform modules already initialized, skipping
Refreshing native plugins compatible for Editor in 0.26 ms, found 0 plugins.
Preloading 0 native plugins for Editor in 0.00 ms.
Unloading 1150 Unused Serialized files (Serialized files now loaded: 0)
System memory in use before: 61.5 MB.
System memory in use after: 61.6 MB.

Unloading 4 unused Assets to reduce memory usage. Loaded Objects now: 1654.
Total: 1.842000 ms (FindLiveObjects: 0.170600 ms CreateObjectMapping: 0.050400 ms MarkObjects: 1.603700 ms  DeleteObjects: 0.016000 ms)

========================================================================
Received Prepare
Registering precompiled user dll's ...
Registered in 0.000589 seconds.
Begin MonoManager ReloadAssembly
Native extension for WindowsStandalone target not found
Refreshing native plugins compatible for Editor in 0.23 ms, found 0 plugins.
Preloading 0 native plugins for Editor in 0.00 ms.
Invoked RoslynAnalysisRunner static constructor.
RoslynAnalysisRunner will not be running.
RoslynAnalysisRunner has terminated.
Mono: successfully reloaded assembly
- Completed reload, in  1.122 seconds
Platform modules already initialized, skipping
Refreshing native plugins compatible for Editor in 0.23 ms, found 0 plugins.
Preloading 0 native plugins for Editor in 0.00 ms.
Unloading 1150 Unused Serialized files (Serialized files now loaded: 0)
System memory in use before: 61.5 MB.
System memory in use after: 61.6 MB.

Unloading 4 unused Assets to reduce memory usage. Loaded Objects now: 1657.
Total: 1.626700 ms (FindLiveObjects: 0.168100 ms CreateObjectMapping: 0.043500 ms MarkObjects: 1.399600 ms  DeleteObjects: 0.014300 ms)

========================================================================
Received Import Request.
  Time since last request: 637.480902 seconds.
  path: Assets/Scripts/PlayerManager.cs
  artifactKey: Guid(7d43aa7abaa1dce47b47a0c9543fb1e9) Importer(815301076,1909f56bfc062723c751e8b465ee728b)
Start importing Assets/Scripts/PlayerManager.cs using Guid(7d43aa7abaa1dce47b47a0c9543fb1e9) Importer(815301076,1909f56bfc062723c751e8b465ee728b)  -> (artifact id: '281b3b3e47402f156a17a3442d103c91') in 0.057156 seconds
  Import took 0.084451 seconds .

========================================================================
Received Prepare
Registering precompiled user dll's ...
Registered in 0.000579 seconds.
Begin MonoManager ReloadAssembly
Native extension for WindowsStandalone target not found
Refreshing native plugins compatible for Editor in 0.22 ms, found 0 plugins.
Preloading 0 native plugins for Editor in 0.00 ms.
Invoked RoslynAnalysisRunner static constructor.
RoslynAnalysisRunner will not be running.
RoslynAnalysisRunner has terminated.
Mono: successfully reloaded assembly
- Completed reload, in  1.559 seconds
Platform modules already initialized, skipping
Refreshing native plugins compatible for Editor in 0.24 ms, found 0 plugins.
Preloading 0 native plugins for Editor in 0.00 ms.
Unloading 1151 Unused Serialized files (Serialized files now loaded: 0)
System memory in use before: 61.6 MB.
System memory in use after: 61.7 MB.

Unloading 4 unused Assets to reduce memory usage. Loaded Objects now: 1661.
Total: 1.767100 ms (FindLiveObjects: 0.267100 ms CreateObjectMapping: 0.063200 ms MarkObjects: 1.417600 ms  DeleteObjects: 0.017600 ms)

========================================================================
Received Prepare
Registering precompiled user dll's ...
Registered in 0.001409 seconds.
Begin MonoManager ReloadAssembly
Native extension for WindowsStandalone target not found
Refreshing native plugins compatible for Editor in 0.23 ms, found 0 plugins.
Preloading 0 native plugins for Editor in 0.00 ms.
Invoked RoslynAnalysisRunner static constructor.
RoslynAnalysisRunner will not be running.
RoslynAnalysisRunner has terminated.
Mono: successfully reloaded assembly
- Completed reload, in  1.127 seconds
Platform modules already initialized, skipping
Refreshing native plugins compatible for Editor in 0.28 ms, found 0 plugins.
Preloading 0 native plugins for Editor in 0.00 ms.
Unloading 1151 Unused Serialized files (Serialized files now loaded: 0)
System memory in use before: 61.6 MB.
System memory in use after: 61.7 MB.

Unloading 4 unused Assets to reduce memory usage. Loaded Objects now: 1664.
Total: 2.536000 ms (FindLiveObjects: 0.254800 ms CreateObjectMapping: 0.054400 ms MarkObjects: 2.203900 ms  DeleteObjects: 0.019800 ms)

========================================================================
Received Import Request.
  Time since last request: 766.450032 seconds.
  path: Assets/Scripts/PlayerManager.cs
  artifactKey: Guid(7d43aa7abaa1dce47b47a0c9543fb1e9) Importer(815301076,1909f56bfc062723c751e8b465ee728b)
Start importing Assets/Scripts/PlayerManager.cs using Guid(7d43aa7abaa1dce47b47a0c9543fb1e9) Importer(815301076,1909f56bfc062723c751e8b465ee728b)  -> (artifact id: '5b39615dbed398eb9de809f098916c19') in 0.005412 seconds
  Import took 0.007733 seconds .

========================================================================
Received Prepare
Registering precompiled user dll's ...
Registered in 0.000956 seconds.
Begin MonoManager ReloadAssembly
Native extension for WindowsStandalone target not found
Refreshing native plugins compatible for Editor in 0.36 ms, found 0 plugins.
Preloading 0 native plugins for Editor in 0.00 ms.
Invoked RoslynAnalysisRunner static constructor.
RoslynAnalysisRunner will not be running.
RoslynAnalysisRunner has terminated.
Mono: successfully reloaded assembly
- Completed reload, in  1.230 seconds
Platform modules already initialized, skipping
Refreshing native plugins compatible for Editor in 0.26 ms, found 0 plugins.
Preloading 0 native plugins for Editor in 0.00 ms.
Unloading 1151 Unused Serialized files (Serialized files now loaded: 0)
System memory in use before: 61.6 MB.
System memory in use after: 61.7 MB.

Unloading 4 unused Assets to reduce memory usage. Loaded Objects now: 1667.
Total: 1.700900 ms (FindLiveObjects: 0.169600 ms CreateObjectMapping: 0.045800 ms MarkObjects: 1.468900 ms  DeleteObjects: 0.014900 ms)

========================================================================
Received Prepare
Registering precompiled user dll's ...
Registered in 0.000855 seconds.
Begin MonoManager ReloadAssembly
Native extension for WindowsStandalone target not found
Refreshing native plugins compatible for Editor in 0.24 ms, found 0 plugins.
Preloading 0 native plugins for Editor in 0.00 ms.
Invoked RoslynAnalysisRunner static constructor.
RoslynAnalysisRunner will not be running.
RoslynAnalysisRunner has terminated.
Mono: successfully reloaded assembly
- Completed reload, in  1.184 seconds
Platform modules already initialized, skipping
Refreshing native plugins compatible for Editor in 0.25 ms, found 0 plugins.
Preloading 0 native plugins for Editor in 0.00 ms.
Unloading 1151 Unused Serialized files (Serialized files now loaded: 0)
System memory in use before: 61.6 MB.
System memory in use after: 61.7 MB.

Unloading 4 unused Assets to reduce memory usage. Loaded Objects now: 1670.
Total: 2.382700 ms (FindLiveObjects: 0.156900 ms CreateObjectMapping: 0.043600 ms MarkObjects: 2.160900 ms  DeleteObjects: 0.019600 ms)

========================================================================
Received Prepare
Registering precompiled user dll's ...
Registered in 0.000575 seconds.
Begin MonoManager ReloadAssembly
Native extension for WindowsStandalone target not found
Refreshing native plugins compatible for Editor in 0.37 ms, found 0 plugins.
Preloading 0 native plugins for Editor in 0.00 ms.
Invoked RoslynAnalysisRunner static constructor.
RoslynAnalysisRunner will not be running.
RoslynAnalysisRunner has terminated.
Mono: successfully reloaded assembly
- Completed reload, in  0.991 seconds
Platform modules already initialized, skipping
Refreshing native plugins compatible for Editor in 0.27 ms, found 0 plugins.
Preloading 0 native plugins for Editor in 0.00 ms.
Unloading 1151 Unused Serialized files (Serialized files now loaded: 0)
System memory in use before: 61.6 MB.
System memory in use after: 61.7 MB.

Unloading 4 unused Assets to reduce memory usage. Loaded Objects now: 1673.
Total: 3.576100 ms (FindLiveObjects: 0.330000 ms CreateObjectMapping: 0.390300 ms MarkObjects: 2.826800 ms  DeleteObjects: 0.026400 ms)

